

Started GET "/" for 127.0.0.1 at 2014-06-29 15:54:49 -0400
  [1m[36mActiveRecord::SchemaMigration Load (0.3ms)[0m  [1mSELECT "schema_migrations".* FROM "schema_migrations"[0m
Processing by ColorsController#index as HTML
  [1m[35mColor Load (0.3ms)[0m  SELECT "colors".* FROM "colors"
  Rendered colors/index.html.erb within layouts/application (7.2ms)
Completed 200 OK in 663ms (Views: 650.4ms | ActiveRecord: 1.4ms)


Started GET "/" for 127.0.0.1 at 2014-06-29 15:54:50 -0400
Processing by ColorsController#index as HTML
  [1m[36mColor Load (1.0ms)[0m  [1mSELECT "colors".* FROM "colors"[0m
  Rendered colors/index.html.erb within layouts/application (3.6ms)
Completed 200 OK in 12ms (Views: 9.6ms | ActiveRecord: 1.0ms)


Started GET "/assets/reset.css?body=1" for 127.0.0.1 at 2014-06-29 15:54:50 -0400


Started GET "/assets/application.css?body=1" for 127.0.0.1 at 2014-06-29 15:54:50 -0400


Started GET "/assets/story.css?body=1" for 127.0.0.1 at 2014-06-29 15:54:50 -0400


Started GET "/assets/jquery_ujs.js?body=1" for 127.0.0.1 at 2014-06-29 15:54:50 -0400


Started GET "/assets/jquery.js?body=1" for 127.0.0.1 at 2014-06-29 15:54:50 -0400


Started GET "/assets/color.css?body=1" for 127.0.0.1 at 2014-06-29 15:54:50 -0400


Started GET "/assets/turbolinks.js?body=1" for 127.0.0.1 at 2014-06-29 15:54:50 -0400


Started GET "/assets/color.js?body=1" for 127.0.0.1 at 2014-06-29 15:54:50 -0400


Started GET "/assets/story.js?body=1" for 127.0.0.1 at 2014-06-29 15:54:50 -0400


Started GET "/assets/application.js?body=1" for 127.0.0.1 at 2014-06-29 15:54:50 -0400


Started GET "/stories/all" for 127.0.0.1 at 2014-06-29 15:55:00 -0400
Processing by StoriesController#index as HTML
  [1m[35mStory Load (0.5ms)[0m  SELECT "stories".* FROM "stories"
  [1m[36mColor Load (0.3ms)[0m  [1mSELECT  "colors".* FROM "colors"  WHERE "colors"."id" = $1 LIMIT 1[0m  [["id", 3]]
  [1m[35mColor Load (0.2ms)[0m  SELECT  "colors".* FROM "colors"  WHERE "colors"."id" = $1 LIMIT 1  [["id", 1]]
  [1m[36mColor Load (0.2ms)[0m  [1mSELECT  "colors".* FROM "colors"  WHERE "colors"."id" = $1 LIMIT 1[0m  [["id", 6]]
  [1m[35mColor Load (0.2ms)[0m  SELECT  "colors".* FROM "colors"  WHERE "colors"."id" = $1 LIMIT 1  [["id", 2]]
  [1m[36mCACHE (0.0ms)[0m  [1mSELECT  "colors".* FROM "colors"  WHERE "colors"."id" = $1 LIMIT 1[0m  [["id", 1]]
  [1m[35mColor Load (0.2ms)[0m  SELECT  "colors".* FROM "colors"  WHERE "colors"."id" = $1 LIMIT 1  [["id", 8]]
  [1m[36mCACHE (0.0ms)[0m  [1mSELECT  "colors".* FROM "colors"  WHERE "colors"."id" = $1 LIMIT 1[0m  [["id", 2]]
  [1m[35mColor Load (0.2ms)[0m  SELECT  "colors".* FROM "colors"  WHERE "colors"."id" = $1 LIMIT 1  [["id", 9]]
  [1m[36mCACHE (0.0ms)[0m  [1mSELECT  "colors".* FROM "colors"  WHERE "colors"."id" = $1 LIMIT 1[0m  [["id", 8]]
  [1m[35mCACHE (0.0ms)[0m  SELECT  "colors".* FROM "colors"  WHERE "colors"."id" = $1 LIMIT 1  [["id", 1]]
  [1m[36mCACHE (0.0ms)[0m  [1mSELECT  "colors".* FROM "colors"  WHERE "colors"."id" = $1 LIMIT 1[0m  [["id", 6]]
  [1m[35mCACHE (0.0ms)[0m  SELECT  "colors".* FROM "colors"  WHERE "colors"."id" = $1 LIMIT 1  [["id", 1]]
  [1m[36mCACHE (0.0ms)[0m  [1mSELECT  "colors".* FROM "colors"  WHERE "colors"."id" = $1 LIMIT 1[0m  [["id", 1]]
  [1m[35mColor Load (0.1ms)[0m  SELECT  "colors".* FROM "colors"  WHERE "colors"."id" = $1 LIMIT 1  [["id", 4]]
  [1m[36mCACHE (0.0ms)[0m  [1mSELECT  "colors".* FROM "colors"  WHERE "colors"."id" = $1 LIMIT 1[0m  [["id", 2]]
  [1m[35mCACHE (0.0ms)[0m  SELECT  "colors".* FROM "colors"  WHERE "colors"."id" = $1 LIMIT 1  [["id", 8]]
  [1m[36mCACHE (0.0ms)[0m  [1mSELECT  "colors".* FROM "colors"  WHERE "colors"."id" = $1 LIMIT 1[0m  [["id", 3]]
  [1m[35mColor Load (0.1ms)[0m  SELECT  "colors".* FROM "colors"  WHERE "colors"."id" = $1 LIMIT 1  [["id", 5]]
  [1m[36mCACHE (0.0ms)[0m  [1mSELECT  "colors".* FROM "colors"  WHERE "colors"."id" = $1 LIMIT 1[0m  [["id", 2]]
  [1m[35mCACHE (0.0ms)[0m  SELECT  "colors".* FROM "colors"  WHERE "colors"."id" = $1 LIMIT 1  [["id", 4]]
  [1m[36mCACHE (0.0ms)[0m  [1mSELECT  "colors".* FROM "colors"  WHERE "colors"."id" = $1 LIMIT 1[0m  [["id", 4]]
  [1m[35mCACHE (0.0ms)[0m  SELECT  "colors".* FROM "colors"  WHERE "colors"."id" = $1 LIMIT 1  [["id", 8]]
  [1m[36mCACHE (0.0ms)[0m  [1mSELECT  "colors".* FROM "colors"  WHERE "colors"."id" = $1 LIMIT 1[0m  [["id", 6]]
  [1m[35mCACHE (0.0ms)[0m  SELECT  "colors".* FROM "colors"  WHERE "colors"."id" = $1 LIMIT 1  [["id", 9]]
  [1m[36mCACHE (0.0ms)[0m  [1mSELECT  "colors".* FROM "colors"  WHERE "colors"."id" = $1 LIMIT 1[0m  [["id", 6]]
  [1m[35mCACHE (0.0ms)[0m  SELECT  "colors".* FROM "colors"  WHERE "colors"."id" = $1 LIMIT 1  [["id", 5]]
  [1m[36mCACHE (0.0ms)[0m  [1mSELECT  "colors".* FROM "colors"  WHERE "colors"."id" = $1 LIMIT 1[0m  [["id", 3]]
  [1m[35mCACHE (0.0ms)[0m  SELECT  "colors".* FROM "colors"  WHERE "colors"."id" = $1 LIMIT 1  [["id", 4]]
  [1m[36mCACHE (0.0ms)[0m  [1mSELECT  "colors".* FROM "colors"  WHERE "colors"."id" = $1 LIMIT 1[0m  [["id", 1]]
  [1m[35mCACHE (0.0ms)[0m  SELECT  "colors".* FROM "colors"  WHERE "colors"."id" = $1 LIMIT 1  [["id", 6]]
  [1m[36mCACHE (0.0ms)[0m  [1mSELECT  "colors".* FROM "colors"  WHERE "colors"."id" = $1 LIMIT 1[0m  [["id", 1]]
  [1m[35mCACHE (0.0ms)[0m  SELECT  "colors".* FROM "colors"  WHERE "colors"."id" = $1 LIMIT 1  [["id", 2]]
  [1m[36mCACHE (0.0ms)[0m  [1mSELECT  "colors".* FROM "colors"  WHERE "colors"."id" = $1 LIMIT 1[0m  [["id", 6]]
  [1m[35mColor Load (0.1ms)[0m  SELECT  "colors".* FROM "colors"  WHERE "colors"."id" = $1 LIMIT 1  [["id", 7]]
  [1m[36mCACHE (0.0ms)[0m  [1mSELECT  "colors".* FROM "colors"  WHERE "colors"."id" = $1 LIMIT 1[0m  [["id", 8]]
  [1m[35mCACHE (0.0ms)[0m  SELECT  "colors".* FROM "colors"  WHERE "colors"."id" = $1 LIMIT 1  [["id", 2]]
  [1m[36mCACHE (0.0ms)[0m  [1mSELECT  "colors".* FROM "colors"  WHERE "colors"."id" = $1 LIMIT 1[0m  [["id", 7]]
  [1m[35mCACHE (0.0ms)[0m  SELECT  "colors".* FROM "colors"  WHERE "colors"."id" = $1 LIMIT 1  [["id", 4]]
  [1m[36mCACHE (0.0ms)[0m  [1mSELECT  "colors".* FROM "colors"  WHERE "colors"."id" = $1 LIMIT 1[0m  [["id", 3]]
  [1m[35mCACHE (0.0ms)[0m  SELECT  "colors".* FROM "colors"  WHERE "colors"."id" = $1 LIMIT 1  [["id", 8]]
  [1m[36mCACHE (0.0ms)[0m  [1mSELECT  "colors".* FROM "colors"  WHERE "colors"."id" = $1 LIMIT 1[0m  [["id", 3]]
  [1m[35mCACHE (0.0ms)[0m  SELECT  "colors".* FROM "colors"  WHERE "colors"."id" = $1 LIMIT 1  [["id", 6]]
  [1m[36mCACHE (0.0ms)[0m  [1mSELECT  "colors".* FROM "colors"  WHERE "colors"."id" = $1 LIMIT 1[0m  [["id", 7]]
  [1m[35mCACHE (0.0ms)[0m  SELECT  "colors".* FROM "colors"  WHERE "colors"."id" = $1 LIMIT 1  [["id", 3]]
  [1m[36mCACHE (0.0ms)[0m  [1mSELECT  "colors".* FROM "colors"  WHERE "colors"."id" = $1 LIMIT 1[0m  [["id", 7]]
  [1m[35mCACHE (0.0ms)[0m  SELECT  "colors".* FROM "colors"  WHERE "colors"."id" = $1 LIMIT 1  [["id", 6]]
  [1m[36mCACHE (0.0ms)[0m  [1mSELECT  "colors".* FROM "colors"  WHERE "colors"."id" = $1 LIMIT 1[0m  [["id", 2]]
  [1m[35mCACHE (0.0ms)[0m  SELECT  "colors".* FROM "colors"  WHERE "colors"."id" = $1 LIMIT 1  [["id", 3]]
  [1m[36mCACHE (0.0ms)[0m  [1mSELECT  "colors".* FROM "colors"  WHERE "colors"."id" = $1 LIMIT 1[0m  [["id", 5]]
  [1m[35mCACHE (0.0ms)[0m  SELECT  "colors".* FROM "colors"  WHERE "colors"."id" = $1 LIMIT 1  [["id", 5]]
  [1m[36mCACHE (0.0ms)[0m  [1mSELECT  "colors".* FROM "colors"  WHERE "colors"."id" = $1 LIMIT 1[0m  [["id", 5]]
  [1m[35mCACHE (0.0ms)[0m  SELECT  "colors".* FROM "colors"  WHERE "colors"."id" = $1 LIMIT 1  [["id", 5]]
  [1m[36mCACHE (0.0ms)[0m  [1mSELECT  "colors".* FROM "colors"  WHERE "colors"."id" = $1 LIMIT 1[0m  [["id", 2]]
  [1m[35mCACHE (0.0ms)[0m  SELECT  "colors".* FROM "colors"  WHERE "colors"."id" = $1 LIMIT 1  [["id", 3]]
  [1m[36mCACHE (0.0ms)[0m  [1mSELECT  "colors".* FROM "colors"  WHERE "colors"."id" = $1 LIMIT 1[0m  [["id", 2]]
  Rendered stories/index.html.erb within layouts/application (82.5ms)
Completed 200 OK in 94ms (Views: 82.9ms | ActiveRecord: 4.1ms)


Started GET "/" for 127.0.0.1 at 2014-06-29 15:55:07 -0400
Processing by ColorsController#index as HTML
  [1m[35mColor Load (0.4ms)[0m  SELECT "colors".* FROM "colors"
  Rendered colors/index.html.erb within layouts/application (2.2ms)
Completed 200 OK in 9ms (Views: 8.3ms | ActiveRecord: 0.4ms)
